{"logTime": "1129/121118", "correlationVector":"OVnw70Lure+iEspbr7e6rg.0","action":"FeedSettingFetch_homeCloud", "result":"0", "context":{}}
{"logTime": "1129/121119", "correlationVector":"OVnw70Lure+iEspbr7e6rg.0","action":"SyncServerConnectionManagerRequest", "result":"SYNC_SERVER_OK", "context":{"environment":"", "migrationStage":"", "server":""}}
{"logTime": "1129/121121", "correlationVector":"N5XSv0XvYF+bI784oS8RG6.1","action":"SyncServerConnectionManagerRequest", "result":"SYNC_SERVER_OK", "context":{"environment":"Prod_SoutheastAsia_000j", "migrationStage":"NotStarted", "server":"GENERAL01000005"}}
{"logTime": "1129/121121", "correlationVector":"N5XSv0XvYF+bI784oS8RG6","action":"Initial GetUpdates", "result":"", "context":Reason: NEW_CLIENT. cV=N5XSv0XvYF+bI784oS8RG6}
{"logTime": "1129/121121", "correlationVector":"N5XSv0XvYF+bI784oS8RG6.2","action":"GetUpdates Response", "result":"SYNCER_OK", "context":Received 1 update(s). cV=N5XSv0XvYF+bI784oS8RG6.0;server=GENERAL01000005;cloudType=Consumer;environment=Prod_SoutheastAsia_000j;migrationStage=NotStarted}
{"logTime": "1129/121121", "correlationVector":"4kEFGHJbjjKNYG76EhKYcX","action":"Initial GetUpdates", "result":"", "context":Reason: NEW_CLIENT. cV=4kEFGHJbjjKNYG76EhKYcX}
{"logTime": "1129/121123", "correlationVector":"4kEFGHJbjjKNYG76EhKYcX.1","action":"SyncServerConnectionManagerRequest", "result":"SYNC_SERVER_OK", "context":{"environment":"Prod_SoutheastAsia_000j", "migrationStage":"NotStarted", "server":"GENERAL01000000"}}
{"logTime": "1129/121123", "correlationVector":"4kEFGHJbjjKNYG76EhKYcX.2","action":"GetUpdates Response", "result":"SYNCER_OK", "context":Received 55 update(s). cV=4kEFGHJbjjKNYG76EhKYcX.0;server=GENERAL01000000;cloudType=Consumer;environment=Prod_SoutheastAsia_000j;migrationStage=NotStarted}
{"logTime": "1129/121123", "correlationVector":"nVXktCo2tw3ljeMtjnUYkr","action":"Initial GetUpdates", "result":"", "context":Reason: NEW_CLIENT. cV=nVXktCo2tw3ljeMtjnUYkr}
{"logTime": "1129/121123", "correlationVector":"nVXktCo2tw3ljeMtjnUYkr.1","action":"SyncServerConnectionManagerRequest", "result":"SYNC_SERVER_OK", "context":{"environment":"Prod_SoutheastAsia_000j", "migrationStage":"NotStarted", "server":"GENERAL0100001E"}}
{"logTime": "1129/121123", "correlationVector":"nVXktCo2tw3ljeMtjnUYkr.2","action":"GetUpdates Response", "result":"SYNCER_OK", "context":Received 13 update(s). cV=nVXktCo2tw3ljeMtjnUYkr.0;server=GENERAL0100001E;cloudType=Consumer;environment=Prod_SoutheastAsia_000j;migrationStage=NotStarted}
{"logTime": "1129/121123", "correlationVector":"BBcCDOIEwdL4QTzHdbe81u","action":"Initial GetUpdates", "result":"", "context":Reason: NEW_CLIENT. cV=BBcCDOIEwdL4QTzHdbe81u}
{"logTime": "1129/121124", "correlationVector":"BBcCDOIEwdL4QTzHdbe81u.1","action":"SyncServerConnectionManagerRequest", "result":"SYNC_SERVER_OK", "context":{"environment":"Prod_SoutheastAsia_000j", "migrationStage":"NotStarted", "server":"GENERAL0100000M"}}
{"logTime": "1129/121124", "correlationVector":"BBcCDOIEwdL4QTzHdbe81u.2","action":"GetUpdates Response", "result":"SYNCER_OK", "context":Received 12 update(s). cV=BBcCDOIEwdL4QTzHdbe81u.0;server=GENERAL0100000M;cloudType=Consumer;environment=Prod_SoutheastAsia_000j;migrationStage=NotStarted}
{"logTime": "1129/121124", "correlationVector":"vlwngkuzs1xWUVJyl8Ds1q","action":"Normal GetUpdate request", "result":"", "context":cV=vlwngkuzs1xWUVJyl8Ds1q
Nudged types: Bookmarks, Device Info, User Consents
Refresh requested types: Bookmarks, Preferences, Passwords, Autofill Profiles, Autofill, Autofill Custom Data, Extensions, Extension settings, Device Info, User Consents, Send Tab To Self, Web Apps, Collection, Edge E Drop, Edge Hub App Usage, Edge Wallet, Encryption Keys}
{"logTime": "1129/121125", "correlationVector":"vlwngkuzs1xWUVJyl8Ds1q.1","action":"SyncServerConnectionManagerRequest", "result":"SYNC_SERVER_OK", "context":{"environment":"Prod_SoutheastAsia_000j", "migrationStage":"NotStarted", "server":"GENERAL0100000S"}}
{"logTime": "1129/121125", "correlationVector":"vlwngkuzs1xWUVJyl8Ds1q.2","action":"GetUpdates Response", "result":"SYNCER_OK", "context":Received 0 update(s). cV=vlwngkuzs1xWUVJyl8Ds1q.0;server=GENERAL0100000S;cloudType=Consumer;environment=Prod_SoutheastAsia_000j;migrationStage=NotStarted}
{"logTime": "1129/121125", "correlationVector":"8lNz4cuyiSaKcWkeML4heY","action":"Commit Request", "result":"", "context":Item count: 1
Contributing types: Device Info}
{"logTime": "1129/121126", "correlationVector":"8lNz4cuyiSaKcWkeML4heY.1","action":"SyncServerConnectionManagerRequest", "result":"SYNC_SERVER_OK", "context":{"environment":"Prod_SoutheastAsia_000j", "migrationStage":"NotStarted", "server":"GENERAL0100000P"}}
{"logTime": "1129/121126", "correlationVector":"8lNz4cuyiSaKcWkeML4heY.2","action":"Commit Response", "result":"SYNCER_OK", "context":Result: SYNCER_OK. cV=8lNz4cuyiSaKcWkeML4heY.0;server=GENERAL0100000P;cloudType=Consumer;environment=Prod_SoutheastAsia_000j;migrationStage=NotStarted}
{"logTime": "1129/121126", "correlationVector":"plWf+6QtG8GkkTZ8XgMnDZ","action":"Commit Request", "result":"", "context":Item count: 3
Contributing types: Bookmarks, User Consents}
{"logTime": "1129/121127", "correlationVector":"plWf+6QtG8GkkTZ8XgMnDZ.1","action":"SyncServerConnectionManagerRequest", "result":"SYNC_SERVER_OK", "context":{"environment":"Prod_SoutheastAsia_000j", "migrationStage":"NotStarted", "server":"GENERAL0100001C"}}
{"logTime": "1129/121127", "correlationVector":"plWf+6QtG8GkkTZ8XgMnDZ.2","action":"Commit Response", "result":"SYNCER_OK", "context":Result: SYNCER_OK. cV=plWf+6QtG8GkkTZ8XgMnDZ.0;server=GENERAL0100001C;cloudType=Consumer;environment=Prod_SoutheastAsia_000j;migrationStage=NotStarted}
{"logTime": "1129/121127", "correlationVector":"gjupB/rSTaWzklMDoPEVdE","action":"Normal GetUpdate request", "result":"", "context":cV=gjupB/rSTaWzklMDoPEVdE
Nudged types: Device Info}
{"logTime": "1129/121128", "correlationVector":"gjupB/rSTaWzklMDoPEVdE.1","action":"SyncServerConnectionManagerRequest", "result":"SYNC_SERVER_OK", "context":{"environment":"Prod_SoutheastAsia_000j", "migrationStage":"NotStarted", "server":"GENERAL01000006"}}
{"logTime": "1129/121128", "correlationVector":"gjupB/rSTaWzklMDoPEVdE.2","action":"GetUpdates Response", "result":"SYNCER_OK", "context":Received 2 update(s). cV=gjupB/rSTaWzklMDoPEVdE.0;server=GENERAL01000006;cloudType=Consumer;environment=Prod_SoutheastAsia_000j;migrationStage=NotStarted}
{"logTime": "1129/121131", "correlationVector":"9cqSIKzQ+ptB1YV5fNyFwK","action":"Commit Request", "result":"", "context":Item count: 1
Contributing types: Passwords}
{"logTime": "1129/121133", "correlationVector":"9cqSIKzQ+ptB1YV5fNyFwK.1","action":"SyncServerConnectionManagerRequest", "result":"SYNC_SERVER_OK", "context":{"environment":"Prod_SoutheastAsia_000j", "migrationStage":"NotStarted", "server":"GENERAL0100000C"}}
{"logTime": "1129/121133", "correlationVector":"9cqSIKzQ+ptB1YV5fNyFwK.2","action":"Commit Response", "result":"SYNCER_OK", "context":Result: SYNCER_OK. cV=9cqSIKzQ+ptB1YV5fNyFwK.0;server=GENERAL0100000C;cloudType=Consumer;environment=Prod_SoutheastAsia_000j;migrationStage=NotStarted}
{"logTime": "1129/121133", "correlationVector":"BZb7/JfZRZtTmY64vE4B2l","action":"Commit Request", "result":"", "context":Item count: 1
Contributing types: Preferences}
{"logTime": "1129/121134", "correlationVector":"BZb7/JfZRZtTmY64vE4B2l.1","action":"SyncServerConnectionManagerRequest", "result":"SYNC_SERVER_OK", "context":{"environment":"Prod_SoutheastAsia_000j", "migrationStage":"NotStarted", "server":"GENERAL0100000N"}}
{"logTime": "1129/121134", "correlationVector":"BZb7/JfZRZtTmY64vE4B2l.2","action":"Commit Response", "result":"SYNCER_OK", "context":Result: SYNCER_OK. cV=BZb7/JfZRZtTmY64vE4B2l.0;server=GENERAL0100000N;cloudType=Consumer;environment=Prod_SoutheastAsia_000j;migrationStage=NotStarted}
{"logTime": "1129/125145", "correlationVector":"U6UeAUwzgKZOHaaMtJ8+uE.0","action":"FeedSettingFetch_homeCloud", "result":"0", "context":{}}
{"logTime": "1129/125145", "correlationVector":"3PhUqBx1wqlLQ6M5k85BQ+.1","action":"SyncServerConnectionManagerRequest", "result":"SYNC_SERVER_OK", "context":{"environment":"Prod_SoutheastAsia_000j", "migrationStage":"NotStarted", "server":"GENERAL01000011"}}
{"logTime": "1129/125145", "correlationVector":"3PhUqBx1wqlLQ6M5k85BQ+","action":"Initial GetUpdates", "result":"", "context":Reason: NEW_CLIENT. cV=3PhUqBx1wqlLQ6M5k85BQ+}
{"logTime": "1129/125145", "correlationVector":"3PhUqBx1wqlLQ6M5k85BQ+.2","action":"GetUpdates Response", "result":"SYNCER_OK", "context":Received 1 update(s). cV=3PhUqBx1wqlLQ6M5k85BQ+.0;server=GENERAL01000011;cloudType=Consumer;environment=Prod_SoutheastAsia_000j;migrationStage=NotStarted}
{"logTime": "1129/125145", "correlationVector":"qaklyqS0Y1M07buQe8GFfA","action":"Initial GetUpdates", "result":"", "context":Reason: NEWLY_SUPPORTED_DATATYPE. cV=qaklyqS0Y1M07buQe8GFfA}
{"logTime": "1129/125145", "correlationVector":"qaklyqS0Y1M07buQe8GFfA.1","action":"SyncServerConnectionManagerRequest", "result":"SYNC_SERVER_OK", "context":{"environment":"Prod_SoutheastAsia_000j", "migrationStage":"NotStarted", "server":"GENERAL0100000O"}}
{"logTime": "1129/125145", "correlationVector":"qaklyqS0Y1M07buQe8GFfA.2","action":"GetUpdates Response", "result":"SYNCER_OK", "context":Received 1 update(s). cV=qaklyqS0Y1M07buQe8GFfA.0;server=GENERAL0100000O;cloudType=Consumer;environment=Prod_SoutheastAsia_000j;migrationStage=NotStarted}
{"logTime": "1129/125145", "correlationVector":"R2EUcGsNMbchM5MzKNan0B","action":"Normal GetUpdate request", "result":"", "context":cV=R2EUcGsNMbchM5MzKNan0B
Nudged types: User Consents
Refresh requested types: Bookmarks, Preferences, Passwords, Autofill Profiles, Autofill, Autofill Custom Data, Extensions, Extension settings, Device Info, User Consents, Send Tab To Self, Web Apps, Collection, Edge E Drop, Edge Hub App Usage, Edge Wallet, Encryption Keys}
{"logTime": "1129/125145", "correlationVector":"R2EUcGsNMbchM5MzKNan0B.1","action":"SyncServerConnectionManagerRequest", "result":"SYNC_SERVER_OK", "context":{"environment":"Prod_SoutheastAsia_000j", "migrationStage":"NotStarted", "server":"GENERAL0100001D"}}
{"logTime": "1129/125145", "correlationVector":"R2EUcGsNMbchM5MzKNan0B.2","action":"GetUpdates Response", "result":"SYNCER_OK", "context":Received 1 update(s). cV=R2EUcGsNMbchM5MzKNan0B.0;server=GENERAL0100001D;cloudType=Consumer;environment=Prod_SoutheastAsia_000j;migrationStage=NotStarted}
{"logTime": "1129/125145", "correlationVector":"Q4jIiCAgI+v+QR0DnN1MNQ","action":"Commit Request", "result":"", "context":Item count: 1
Contributing types: User Consents}
{"logTime": "1129/125146", "correlationVector":"Q4jIiCAgI+v+QR0DnN1MNQ.1","action":"SyncServerConnectionManagerRequest", "result":"SYNC_SERVER_OK", "context":{"environment":"Prod_SoutheastAsia_000j", "migrationStage":"NotStarted", "server":"GENERAL0100000L"}}
{"logTime": "1129/125146", "correlationVector":"Q4jIiCAgI+v+QR0DnN1MNQ.2","action":"Commit Response", "result":"SYNCER_OK", "context":Result: SYNCER_OK. cV=Q4jIiCAgI+v+QR0DnN1MNQ.0;server=GENERAL0100000L;cloudType=Consumer;environment=Prod_SoutheastAsia_000j;migrationStage=NotStarted}
{"logTime": "1129/125147", "correlationVector":"Vo5GW5PnNY4pfmWbSo8/Kp","action":"Initial GetUpdates", "result":"", "context":Reason: RECONFIGURATION. cV=Vo5GW5PnNY4pfmWbSo8/Kp}
{"logTime": "1129/125148", "correlationVector":"Vo5GW5PnNY4pfmWbSo8/Kp.1","action":"SyncServerConnectionManagerRequest", "result":"SYNC_SERVER_OK", "context":{"environment":"Prod_SoutheastAsia_000j", "migrationStage":"NotStarted", "server":"GENERAL01000016"}}
{"logTime": "1129/125148", "correlationVector":"Vo5GW5PnNY4pfmWbSo8/Kp.2","action":"GetUpdates", "result":"DeleteReceived", "context":{"id":"f08b5cd0-1984-48f5-99d8-fb729220c108", "isDeleted:":"true", "version":"1694283134586"}}
{"logTime": "1129/125148", "correlationVector":"Vo5GW5PnNY4pfmWbSo8/Kp.3","action":"GetUpdates", "result":"DeleteReceived", "context":{"id":"352bac88-c02b-4e7f-9395-f8e149a83a71", "isDeleted:":"true", "version":"1694925375698"}}
{"logTime": "1129/125148", "correlationVector":"Vo5GW5PnNY4pfmWbSo8/Kp.4","action":"GetUpdates", "result":"DeleteReceived", "context":{"id":"9188b7fc-76bc-4180-a597-6db24c496bd9", "isDeleted:":"true", "version":"1694961579921"}}
{"logTime": "1129/125148", "correlationVector":"Vo5GW5PnNY4pfmWbSo8/Kp.5","action":"GetUpdates", "result":"DeleteReceived", "context":{"id":"a9643ae7-ff4e-40e1-a112-077a4ff5f3b5", "isDeleted:":"true", "version":"1694973849675"}}
{"logTime": "1129/125148", "correlationVector":"Vo5GW5PnNY4pfmWbSo8/Kp.6","action":"GetUpdates", "result":"DeleteReceived", "context":{"id":"337af80d-f058-4993-833d-c4d68790550d", "isDeleted:":"true", "version":"1695027484795"}}
{"logTime": "1129/125148", "correlationVector":"Vo5GW5PnNY4pfmWbSo8/Kp.7","action":"GetUpdates", "result":"DeleteReceived", "context":{"id":"91adbb69-e32b-4125-b807-7887b826cceb", "isDeleted:":"true", "version":"1695582662935"}}
{"logTime": "1129/125148", "correlationVector":"Vo5GW5PnNY4pfmWbSo8/Kp.8","action":"GetUpdates", "result":"DeleteReceived", "context":{"id":"3b5e7bd2-938a-4fae-97dd-f9ab18bff2ca", "isDeleted:":"true", "version":"1695957318948"}}
{"logTime": "1129/125148", "correlationVector":"Vo5GW5PnNY4pfmWbSo8/Kp.9","action":"GetUpdates", "result":"DeleteReceived", "context":{"id":"5fa6844d-e882-4935-bc24-a2c9fe9913e2", "isDeleted:":"true", "version":"1696066764362"}}
{"logTime": "1129/125148", "correlationVector":"Vo5GW5PnNY4pfmWbSo8/Kp.10","action":"GetUpdates", "result":"DeleteReceived", "context":{"id":"c660e53a-169b-4061-92c9-7b8f65385683", "isDeleted:":"true", "version":"1696494052315"}}
{"logTime": "1129/125148", "correlationVector":"Vo5GW5PnNY4pfmWbSo8/Kp.11","action":"GetUpdates", "result":"DeleteReceived", "context":{"id":"3db94529-7453-400c-a2e6-82b3f10403f5", "isDeleted:":"true", "version":"1697032706585"}}
{"logTime": "1129/125148", "correlationVector":"Vo5GW5PnNY4pfmWbSo8/Kp.12","action":"GetUpdates", "result":"DeleteReceived", "context":{"id":"3e0da8d1-bbc5-422a-8bb5-06b8ecff6be3", "isDeleted:":"true", "version":"1697120455712"}}
{"logTime": "1129/125148", "correlationVector":"Vo5GW5PnNY4pfmWbSo8/Kp.13","action":"GetUpdates", "result":"DeleteReceived", "context":{"id":"3251447c-32a5-463d-a30f-f1395d40ad91", "isDeleted:":"true", "version":"1697368156144"}}
{"logTime": "1129/125148", "correlationVector":"Vo5GW5PnNY4pfmWbSo8/Kp.14","action":"GetUpdates", "result":"DeleteReceived", "context":{"id":"dfe32fbd-475c-4687-ab86-e1ef428d71a5", "isDeleted:":"true", "version":"1697368156145"}}
{"logTime": "1129/125148", "correlationVector":"Vo5GW5PnNY4pfmWbSo8/Kp.15","action":"GetUpdates", "result":"DeleteReceived", "context":{"id":"f9141a4c-a0b0-4fb3-8cc1-d72f29ddca97", "isDeleted:":"true", "version":"1697368156146"}}
{"logTime": "1129/125148", "correlationVector":"Vo5GW5PnNY4pfmWbSo8/Kp.16","action":"GetUpdates", "result":"DeleteReceived", "context":{"id":"f8395c3b-ee6d-4c31-b2a0-f042a121ee7b", "isDeleted:":"true", "version":"1697368156147"}}
{"logTime": "1129/125148", "correlationVector":"Vo5GW5PnNY4pfmWbSo8/Kp.17","action":"GetUpdates", "result":"DeleteReceived", "context":{"id":"8b08afe2-921f-4be3-9ff3-34bab3801b50", "isDeleted:":"true", "version":"1697368156149"}}
{"logTime": "1129/125148", "correlationVector":"Vo5GW5PnNY4pfmWbSo8/Kp.18","action":"GetUpdates", "result":"DeleteReceived", "context":{"id":"e7b543e7-1c59-4c70-b487-d9fce8ac3644", "isDeleted:":"true", "version":"1697368156150"}}
{"logTime": "1129/125148", "correlationVector":"Vo5GW5PnNY4pfmWbSo8/Kp.19","action":"GetUpdates", "result":"DeleteReceived", "context":{"id":"60f72198-1bf2-4b43-862d-76fd25cb7fc9", "isDeleted:":"true", "version":"1697368156151"}}
{"logTime": "1129/125148", "correlationVector":"Vo5GW5PnNY4pfmWbSo8/Kp.20","action":"GetUpdates", "result":"DeleteReceived", "context":{"id":"6b4ce86a-489b-4f4c-8991-2935600019f0", "isDeleted:":"true", "version":"1697368156152"}}
{"logTime": "1129/125148", "correlationVector":"Vo5GW5PnNY4pfmWbSo8/Kp.21","action":"GetUpdates", "result":"DeleteReceived", "context":{"id":"b7f42f88-9588-4c26-9008-7394e1ff2d3e", "isDeleted:":"true", "version":"1697368156153"}}
{"logTime": "1129/125148", "correlationVector":"Vo5GW5PnNY4pfmWbSo8/Kp.22","action":"GetUpdates", "result":"DeleteReceived", "context":{"id":"605172b1-b027-45a1-b357-a2589af04804", "isDeleted:":"true", "version":"1697368156154"}}
{"logTime": "1129/125148", "correlationVector":"Vo5GW5PnNY4pfmWbSo8/Kp.23","action":"GetUpdates", "result":"DeleteReceived", "context":{"id":"e2bc7cde-8895-4c96-93bb-17546b9973d9", "isDeleted:":"true", "version":"1697620067046"}}
{"logTime": "1129/125148", "correlationVector":"Vo5GW5PnNY4pfmWbSo8/Kp.24","action":"GetUpdates", "result":"DeleteReceived", "context":{"id":"9ce73f69-2035-46ec-adab-e820116dcd37", "isDeleted:":"true", "version":"1697800823467"}}
{"logTime": "1129/125148", "correlationVector":"Vo5GW5PnNY4pfmWbSo8/Kp.25","action":"GetUpdates", "result":"DeleteReceived", "context":{"id":"93f23d61-6d30-46d8-abb2-c74d26560cff", "isDeleted:":"true", "version":"1697997395328"}}
{"logTime": "1129/125148", "correlationVector":"Vo5GW5PnNY4pfmWbSo8/Kp.26","action":"GetUpdates", "result":"DeleteReceived", "context":{"id":"fda20165-dbc2-4f3e-ba57-af3d3eeaa6a8", "isDeleted:":"true", "version":"1697997395329"}}
{"logTime": "1129/125148", "correlationVector":"Vo5GW5PnNY4pfmWbSo8/Kp.27","action":"GetUpdates", "result":"DeleteReceived", "context":{"id":"27247f2b-3c82-40e3-b0d2-48229d74fcb4", "isDeleted:":"true", "version":"1697997395331"}}
{"logTime": "1129/125148", "correlationVector":"Vo5GW5PnNY4pfmWbSo8/Kp.28","action":"GetUpdates", "result":"DeleteReceived", "context":{"id":"b52d98a5-3423-4a3b-abff-d672c412bb7c", "isDeleted:":"true", "version":"1697997395332"}}
{"logTime": "1129/125148", "correlationVector":"Vo5GW5PnNY4pfmWbSo8/Kp.29","action":"GetUpdates", "result":"DeleteReceived", "context":{"id":"62b27651-2176-48f9-abe5-a4e16b4e7e40", "isDeleted:":"true", "version":"1697997395333"}}
{"logTime": "1129/125148", "correlationVector":"Vo5GW5PnNY4pfmWbSo8/Kp.30","action":"GetUpdates", "result":"DeleteReceived", "context":{"id":"38bee0c2-01dd-4cf7-a967-6e72f3bd9c79", "isDeleted:":"true", "version":"1697997395334"}}
{"logTime": "1129/125148", "correlationVector":"Vo5GW5PnNY4pfmWbSo8/Kp.31","action":"GetUpdates", "result":"DeleteReceived", "context":{"id":"8a82732f-8e59-4f81-b09d-e85ebe4882de", "isDeleted:":"true", "version":"1698320056813"}}
{"logTime": "1129/125148", "correlationVector":"Vo5GW5PnNY4pfmWbSo8/Kp.32","action":"GetUpdates", "result":"DeleteReceived", "context":{"id":"d3fc4cec-1e8b-424b-907f-2ed3a87b9a2a", "isDeleted:":"true", "version":"1698320354004"}}
{"logTime": "1129/125148", "correlationVector":"Vo5GW5PnNY4pfmWbSo8/Kp.33","action":"GetUpdates", "result":"DeleteReceived", "context":{"id":"3d7335a6-09be-4895-af15-15ad067474d7", "isDeleted:":"true", "version":"1698583131063"}}
{"logTime": "1129/125148", "correlationVector":"Vo5GW5PnNY4pfmWbSo8/Kp.34","action":"GetUpdates", "result":"DeleteReceived", "context":{"id":"56f4cb01-d3f2-4197-b5f1-a5fd3309cfac", "isDeleted:":"true", "version":"1698756999536"}}
{"logTime": "1129/125148", "correlationVector":"Vo5GW5PnNY4pfmWbSo8/Kp.35","action":"GetUpdates", "result":"DeleteReceived", "context":{"id":"4e254c44-23ce-41c5-8812-c42bdefaa89e", "isDeleted:":"true", "version":"1698756999537"}}
{"logTime": "1129/125148", "correlationVector":"Vo5GW5PnNY4pfmWbSo8/Kp.36","action":"GetUpdates", "result":"DeleteReceived", "context":{"id":"a1fc23c6-24f4-4430-8e45-e5e01520dbf2", "isDeleted:":"true", "version":"1699262525473"}}
{"logTime": "1129/125148", "correlationVector":"Vo5GW5PnNY4pfmWbSo8/Kp.37","action":"GetUpdates", "result":"DeleteReceived", "context":{"id":"f842cb58-b188-4f46-828f-e1953dadfa41", "isDeleted:":"true", "version":"1699269062920"}}
{"logTime": "1129/125148", "correlationVector":"Vo5GW5PnNY4pfmWbSo8/Kp.38","action":"GetUpdates", "result":"DeleteReceived", "context":{"id":"7d766a62-5790-472a-ba45-fc90112b5576", "isDeleted:":"true", "version":"1701001499553"}}
{"logTime": "1129/125148", "correlationVector":"Vo5GW5PnNY4pfmWbSo8/Kp.39","action":"GetUpdates", "result":"DeleteReceived", "context":{"id":"8a5faf1c-0431-4f09-9e85-53b2fbb46e1b", "isDeleted:":"true", "version":"1701085681707"}}
{"logTime": "1129/125148", "correlationVector":"Vo5GW5PnNY4pfmWbSo8/Kp.40","action":"GetUpdates", "result":"DeleteReceived", "context":{"id":"60eb41de-e872-44f6-bbf9-a8198996529c", "isDeleted:":"true", "version":"1701096198975"}}
{"logTime": "1129/125148", "correlationVector":"Vo5GW5PnNY4pfmWbSo8/Kp.41","action":"GetUpdates", "result":"DeleteReceived", "context":{"id":"c3653fcf-3aaa-4a91-bd18-eff4dd08e3c7", "isDeleted:":"true", "version":"1701151565948"}}
{"logTime": "1129/125148", "correlationVector":"Vo5GW5PnNY4pfmWbSo8/Kp.42","action":"GetUpdates Response", "result":"SYNCER_OK", "context":Received 52 update(s). cV=Vo5GW5PnNY4pfmWbSo8/Kp.0;server=GENERAL01000016;cloudType=Consumer;environment=Prod_SoutheastAsia_000j;migrationStage=NotStarted}
{"logTime": "1129/125148", "correlationVector":"FxOv8Yc+++a/V9Oic8+KfV","action":"Normal GetUpdate request", "result":"", "context":cV=FxOv8Yc+++a/V9Oic8+KfV
Nudged types: Sessions, Device Info, User Consents
Refresh requested types: Bookmarks, Preferences, Passwords, Autofill Profiles, Autofill, Autofill Custom Data, Typed URLs, Extensions, Sessions, Extension settings, History Delete Directives, Device Info, User Consents, Send Tab To Self, Web Apps, Collection, Edge E Drop, Edge Hub App Usage, Edge Wallet, Encryption Keys}
{"logTime": "1129/125148", "correlationVector":"FxOv8Yc+++a/V9Oic8+KfV.1","action":"SyncServerConnectionManagerRequest", "result":"SYNC_SERVER_OK", "context":{"environment":"Prod_SoutheastAsia_000j", "migrationStage":"NotStarted", "server":"GENERAL0100001L"}}
{"logTime": "1129/125148", "correlationVector":"FxOv8Yc+++a/V9Oic8+KfV.2","action":"GetUpdates Response", "result":"SYNCER_OK", "context":Received 0 update(s). cV=FxOv8Yc+++a/V9Oic8+KfV.0;server=GENERAL0100001L;cloudType=Consumer;environment=Prod_SoutheastAsia_000j;migrationStage=NotStarted}
{"logTime": "1129/125148", "correlationVector":"f6rNt6CFyiG5tpAePEe1hO","action":"Commit Request", "result":"", "context":Item count: 1
Contributing types: Device Info}
{"logTime": "1129/125149", "correlationVector":"f6rNt6CFyiG5tpAePEe1hO.1","action":"SyncServerConnectionManagerRequest", "result":"SYNC_SERVER_OK", "context":{"environment":"Prod_SoutheastAsia_000j", "migrationStage":"NotStarted", "server":"GENERAL0100000N"}}
{"logTime": "1129/125149", "correlationVector":"f6rNt6CFyiG5tpAePEe1hO.2","action":"Commit Response", "result":"SYNCER_OK", "context":Result: SYNCER_OK. cV=f6rNt6CFyiG5tpAePEe1hO.0;server=GENERAL0100000N;cloudType=Consumer;environment=Prod_SoutheastAsia_000j;migrationStage=NotStarted}
{"logTime": "1129/125149", "correlationVector":"BL7IrEFCk96ztNO2tqaBgX","action":"Commit Request", "result":"", "context":Item count: 4
Contributing types: Sessions, User Consents}
{"logTime": "1129/125150", "correlationVector":"BL7IrEFCk96ztNO2tqaBgX.1","action":"SyncServerConnectionManagerRequest", "result":"SYNC_SERVER_OK", "context":{"environment":"Prod_SoutheastAsia_000j", "migrationStage":"NotStarted", "server":"GENERAL0100001D"}}
{"logTime": "1129/125150", "correlationVector":"BL7IrEFCk96ztNO2tqaBgX.2","action":"Commit Response", "result":"SYNCER_OK", "context":Result: SYNCER_OK. cV=BL7IrEFCk96ztNO2tqaBgX.0;server=GENERAL0100001D;cloudType=Consumer;environment=Prod_SoutheastAsia_000j;migrationStage=NotStarted}
{"logTime": "1129/125234", "correlationVector":"W97nHkwdJkFArLufRcODMU","action":"Commit Request", "result":"", "context":Item count: 1
Contributing types: Sessions}
{"logTime": "1129/125235", "correlationVector":"W97nHkwdJkFArLufRcODMU.1","action":"SyncServerConnectionManagerRequest", "result":"SYNC_SERVER_OK", "context":{"environment":"Prod_SoutheastAsia_000j", "migrationStage":"NotStarted", "server":"GENERAL01000000"}}
{"logTime": "1129/125235", "correlationVector":"W97nHkwdJkFArLufRcODMU.2","action":"Commit Response", "result":"SYNCER_OK", "context":Result: SYNCER_OK. cV=W97nHkwdJkFArLufRcODMU.0;server=GENERAL01000000;cloudType=Consumer;environment=Prod_SoutheastAsia_000j;migrationStage=NotStarted}
{"logTime": "1129/125331", "correlationVector":"Y8mZVgPzHEmQtofRfAooKj","action":"Commit Request", "result":"", "context":Item count: 1
Contributing types: Sessions}
{"logTime": "1129/125333", "correlationVector":"Y8mZVgPzHEmQtofRfAooKj.1","action":"SyncServerConnectionManagerRequest", "result":"SYNC_SERVER_OK", "context":{"environment":"Prod_SoutheastAsia_000j", "migrationStage":"NotStarted", "server":"GENERAL0100001F"}}
{"logTime": "1129/125333", "correlationVector":"Y8mZVgPzHEmQtofRfAooKj.2","action":"Commit Response", "result":"SYNCER_OK", "context":Result: SYNCER_OK. cV=Y8mZVgPzHEmQtofRfAooKj.0;server=GENERAL0100001F;cloudType=Consumer;environment=Prod_SoutheastAsia_000j;migrationStage=NotStarted}
{"logTime": "1129/125403", "correlationVector":"Dfw3p2z4zlgKndIPaxSdyV","action":"Commit Request", "result":"", "context":Item count: 1
Contributing types: Sessions}
{"logTime": "1129/125404", "correlationVector":"Dfw3p2z4zlgKndIPaxSdyV.1","action":"SyncServerConnectionManagerRequest", "result":"SYNC_SERVER_OK", "context":{"environment":"Prod_SoutheastAsia_000j", "migrationStage":"NotStarted", "server":"GENERAL01000019"}}
{"logTime": "1129/125404", "correlationVector":"Dfw3p2z4zlgKndIPaxSdyV.2","action":"Commit Response", "result":"SYNCER_OK", "context":Result: SYNCER_OK. cV=Dfw3p2z4zlgKndIPaxSdyV.0;server=GENERAL01000019;cloudType=Consumer;environment=Prod_SoutheastAsia_000j;migrationStage=NotStarted}
{"logTime": "1129/125434", "correlationVector":"zeAAIBPS0PCIe1TERVWFYc","action":"Commit Request", "result":"", "context":Item count: 1
Contributing types: Sessions}
{"logTime": "1129/125435", "correlationVector":"zeAAIBPS0PCIe1TERVWFYc.1","action":"SyncServerConnectionManagerRequest", "result":"SYNC_SERVER_OK", "context":{"environment":"Prod_SoutheastAsia_000j", "migrationStage":"NotStarted", "server":"GENERAL0100001J"}}
{"logTime": "1129/125435", "correlationVector":"zeAAIBPS0PCIe1TERVWFYc.2","action":"Commit Response", "result":"SYNCER_OK", "context":Result: SYNCER_OK. cV=zeAAIBPS0PCIe1TERVWFYc.0;server=GENERAL0100001J;cloudType=Consumer;environment=Prod_SoutheastAsia_000j;migrationStage=NotStarted}
{"logTime": "1129/125643", "correlationVector":"F1tnyDpaIA2eu1qODMioIJ","action":"SyncServerConnectionManagerRequest", "result":"SYNC_SERVER_ERROR", "context":{"environment":"", "error_type":"http_status_code", "error_value":"400", "migrationStage":"", "server":""}}
{"logTime": "1129/125643", "correlationVector":"ytBxD4NsQ41fi4WW3eobUo","action":"Normal GetUpdate request", "result":"", "context":cV=ytBxD4NsQ41fi4WW3eobUo
Refresh requested types: Bookmarks, Preferences, Passwords, Autofill Profiles, Autofill, Autofill Custom Data, Typed URLs, Extensions, Sessions, Extension settings, History Delete Directives, Device Info, User Consents, Send Tab To Self, Web Apps, Collection, Edge E Drop, Edge Hub App Usage, Edge Wallet, Encryption Keys}
{"logTime": "1129/125643", "correlationVector":"","action":"AccessTokenFetched", "result":"Same stale AccessToken is retrieved (will retry) for EdgeSyncScopeNew"}
{"logTime": "1129/125643", "correlationVector":"","action":"CredentialsChanged", "result":"Empty token for EdgeSyncScopeNew"}
{"logTime": "1129/125644", "correlationVector":"ytBxD4NsQ41fi4WW3eobUo.1","action":"SyncServerConnectionManagerRequest", "result":"SYNC_SERVER_OK", "context":{"environment":"Prod_SoutheastAsia_000j", "migrationStage":"NotStarted", "server":"GENERAL0100001F"}}
{"logTime": "1129/125644", "correlationVector":"ytBxD4NsQ41fi4WW3eobUo.2","action":"GetUpdates Response", "result":"SYNCER_OK", "context":Received 3 update(s). cV=ytBxD4NsQ41fi4WW3eobUo.0;server=GENERAL0100001F;cloudType=Consumer;environment=Prod_SoutheastAsia_000j;migrationStage=NotStarted}
{"logTime": "1129/125937", "correlationVector":"/udeXsJTRU9Y9nsCFCRJLD","action":"Commit Request", "result":"", "context":Item count: 1
Contributing types: Sessions}
{"logTime": "1129/125939", "correlationVector":"/udeXsJTRU9Y9nsCFCRJLD.1","action":"SyncServerConnectionManagerRequest", "result":"SYNC_SERVER_OK", "context":{"environment":"Prod_SoutheastAsia_000j", "migrationStage":"NotStarted", "server":"GENERAL0100000B"}}
{"logTime": "1129/125939", "correlationVector":"/udeXsJTRU9Y9nsCFCRJLD.2","action":"Commit Response", "result":"SYNCER_OK", "context":Result: SYNCER_OK. cV=/udeXsJTRU9Y9nsCFCRJLD.0;server=GENERAL0100000B;cloudType=Consumer;environment=Prod_SoutheastAsia_000j;migrationStage=NotStarted}
{"logTime": "1129/130124", "correlationVector":"lGQYhTlRHQWqqASKK2xXbP.0","action":"FeedSettingFetch_homeCloud", "result":"0", "context":{}}
{"logTime": "1129/130124", "correlationVector":"k+OxhlhRvuPoWkumk+7xBW.1","action":"SyncServerConnectionManagerRequest", "result":"SYNC_SERVER_OK", "context":{"environment":"Prod_SoutheastAsia_000j", "migrationStage":"NotStarted", "server":"GENERAL01000015"}}
{"logTime": "1129/130124", "correlationVector":"k+OxhlhRvuPoWkumk+7xBW","action":"Initial GetUpdates", "result":"", "context":Reason: NEW_CLIENT. cV=k+OxhlhRvuPoWkumk+7xBW}
{"logTime": "1129/130124", "correlationVector":"k+OxhlhRvuPoWkumk+7xBW.2","action":"GetUpdates Response", "result":"SYNCER_OK", "context":Received 1 update(s). cV=k+OxhlhRvuPoWkumk+7xBW.0;server=GENERAL01000015;cloudType=Consumer;environment=Prod_SoutheastAsia_000j;migrationStage=NotStarted}
{"logTime": "1129/130124", "correlationVector":"y6TNgvuhZgUwHQkQZmytyv","action":"Initial GetUpdates", "result":"", "context":Reason: NEWLY_SUPPORTED_DATATYPE. cV=y6TNgvuhZgUwHQkQZmytyv}
{"logTime": "1129/130124", "correlationVector":"y6TNgvuhZgUwHQkQZmytyv.1","action":"SyncServerConnectionManagerRequest", "result":"SYNC_SERVER_OK", "context":{"environment":"Prod_SoutheastAsia_000j", "migrationStage":"NotStarted", "server":"GENERAL0100001I"}}
{"logTime": "1129/130124", "correlationVector":"y6TNgvuhZgUwHQkQZmytyv.2","action":"GetUpdates Response", "result":"SYNCER_OK", "context":Received 1 update(s). cV=y6TNgvuhZgUwHQkQZmytyv.0;server=GENERAL0100001I;cloudType=Consumer;environment=Prod_SoutheastAsia_000j;migrationStage=NotStarted}
{"logTime": "1129/130124", "correlationVector":"GkMiVPmyW/uHzaDWwtOaxp","action":"Normal GetUpdate request", "result":"", "context":cV=GkMiVPmyW/uHzaDWwtOaxp
Nudged types: Sessions, User Consents
Refresh requested types: Bookmarks, Preferences, Passwords, Autofill Profiles, Autofill, Autofill Custom Data, Typed URLs, Extensions, Sessions, Extension settings, History Delete Directives, Device Info, User Consents, Send Tab To Self, Web Apps, Collection, Edge E Drop, Edge Hub App Usage, Edge Wallet, Encryption Keys}
{"logTime": "1129/130124", "correlationVector":"GkMiVPmyW/uHzaDWwtOaxp.1","action":"SyncServerConnectionManagerRequest", "result":"SYNC_SERVER_OK", "context":{"environment":"Prod_SoutheastAsia_000j", "migrationStage":"NotStarted", "server":"GENERAL0100000C"}}
{"logTime": "1129/130124", "correlationVector":"GkMiVPmyW/uHzaDWwtOaxp.2","action":"GetUpdates Response", "result":"SYNCER_OK", "context":Received 1 update(s). cV=GkMiVPmyW/uHzaDWwtOaxp.0;server=GENERAL0100000C;cloudType=Consumer;environment=Prod_SoutheastAsia_000j;migrationStage=NotStarted}
{"logTime": "1129/130124", "correlationVector":"ks5isjkTT9L6MUGVMHtEOT","action":"Commit Request", "result":"", "context":Item count: 4
Contributing types: Sessions, User Consents}
{"logTime": "1129/130124", "correlationVector":"ks5isjkTT9L6MUGVMHtEOT.1","action":"SyncServerConnectionManagerRequest", "result":"SYNC_SERVER_OK", "context":{"environment":"Prod_SoutheastAsia_000j", "migrationStage":"NotStarted", "server":"GENERAL01000010"}}
{"logTime": "1129/130125", "correlationVector":"ks5isjkTT9L6MUGVMHtEOT.2","action":"Commit Response", "result":"SYNCER_OK", "context":Result: SYNCER_OK. cV=ks5isjkTT9L6MUGVMHtEOT.0;server=GENERAL01000010;cloudType=Consumer;environment=Prod_SoutheastAsia_000j;migrationStage=NotStarted}
{"logTime": "1129/130150", "correlationVector":"GXT5wlRGbw8y13HsE1WETn","action":"SyncServerConnectionManagerRequest", "result":"SYNC_SERVER_OK", "context":{"environment":"", "migrationStage":"", "server":""}}
{"logTime": "1129/130150", "correlationVector":"hrhzLKxS9V/bdKbyhM4cnV","action":"Normal GetUpdate request", "result":"", "context":cV=hrhzLKxS9V/bdKbyhM4cnV
Nudged types: Sessions}
{"logTime": "1129/130151", "correlationVector":"hrhzLKxS9V/bdKbyhM4cnV.1","action":"SyncServerConnectionManagerRequest", "result":"SYNC_SERVER_OK", "context":{"environment":"Prod_SoutheastAsia_000j", "migrationStage":"NotStarted", "server":"GENERAL0100000S"}}
{"logTime": "1129/130151", "correlationVector":"hrhzLKxS9V/bdKbyhM4cnV.2","action":"GetUpdates Response", "result":"SYNCER_OK", "context":Received 3 update(s). cV=hrhzLKxS9V/bdKbyhM4cnV.0;server=GENERAL0100000S;cloudType=Consumer;environment=Prod_SoutheastAsia_000j;migrationStage=NotStarted}
{"logTime": "1129/130151", "correlationVector":"hGXACrbbptMPNOSt3LZ79f","action":"Commit Request", "result":"", "context":Item count: 1
Contributing types: Passwords}
{"logTime": "1129/130151", "correlationVector":"hGXACrbbptMPNOSt3LZ79f.1","action":"SyncServerConnectionManagerRequest", "result":"SYNC_SERVER_OK", "context":{"environment":"Prod_SoutheastAsia_000j", "migrationStage":"NotStarted", "server":"GENERAL01000012"}}
{"logTime": "1129/130151", "correlationVector":"hGXACrbbptMPNOSt3LZ79f.2","action":"Commit Response", "result":"SYNCER_OK", "context":Result: SYNCER_OK. cV=hGXACrbbptMPNOSt3LZ79f.0;server=GENERAL01000012;cloudType=Consumer;environment=Prod_SoutheastAsia_000j;migrationStage=NotStarted}
{"logTime": "1129/130151", "correlationVector":"J+EZ6Q9X5ge96URnL+DGRq","action":"Commit Request", "result":"", "context":Item count: 2
Contributing types: Sessions}
{"logTime": "1129/130152", "correlationVector":"J+EZ6Q9X5ge96URnL+DGRq.1","action":"SyncServerConnectionManagerRequest", "result":"SYNC_SERVER_OK", "context":{"environment":"Prod_SoutheastAsia_000j", "migrationStage":"NotStarted", "server":"GENERAL0100000Q"}}
{"logTime": "1129/130152", "correlationVector":"J+EZ6Q9X5ge96URnL+DGRq.3","action":"Commit.Sessions", "result":"Success", "context":{"id":"ec4234b6-a185-425c-913a-36aa83a58afa", "isDeleted":"true", "size":"0", "version":"1701262878492"}}
{"logTime": "1129/130152", "correlationVector":"J+EZ6Q9X5ge96URnL+DGRq.2","action":"Commit Response", "result":"SYNCER_OK", "context":Result: SYNCER_OK. cV=J+EZ6Q9X5ge96URnL+DGRq.0;server=GENERAL0100000Q;cloudType=Consumer;environment=Prod_SoutheastAsia_000j;migrationStage=NotStarted}
{"logTime": "1129/130152", "correlationVector":"rwDU6WLrGFj2ySxQmqohPd","action":"Normal GetUpdate request", "result":"", "context":cV=rwDU6WLrGFj2ySxQmqohPd
Nudged types: Passwords, Sessions
Refresh requested types: Bookmarks, Preferences, Passwords, Autofill Profiles, Autofill, Autofill Custom Data, Typed URLs, Extensions, Sessions, Extension settings, History Delete Directives, Device Info, User Consents, Send Tab To Self, Web Apps, Collection, Edge E Drop, Edge Hub App Usage, Edge Wallet, Encryption Keys}
{"logTime": "1129/130152", "correlationVector":"rwDU6WLrGFj2ySxQmqohPd.1","action":"SyncServerConnectionManagerRequest", "result":"SYNC_SERVER_OK", "context":{"environment":"Prod_SoutheastAsia_000j", "migrationStage":"NotStarted", "server":"GENERAL0100000C"}}
{"logTime": "1129/130152", "correlationVector":"rwDU6WLrGFj2ySxQmqohPd.2","action":"GetUpdates", "result":"DeleteReceived", "context":{"id":"ec4234b6-a185-425c-913a-36aa83a58afa", "isDeleted:":"true", "version":"1701262912368"}}
{"logTime": "1129/130152", "correlationVector":"rwDU6WLrGFj2ySxQmqohPd.3","action":"GetUpdates Response", "result":"SYNCER_OK", "context":Received 3 update(s). cV=rwDU6WLrGFj2ySxQmqohPd.0;server=GENERAL0100000C;cloudType=Consumer;environment=Prod_SoutheastAsia_000j;migrationStage=NotStarted}
{"logTime": "1129/130536", "correlationVector":"MAQtUEH3ecDvAVCMF1QOL6","action":"Commit Request", "result":"", "context":Item count: 1
Contributing types: Sessions}
{"logTime": "1129/130537", "correlationVector":"MAQtUEH3ecDvAVCMF1QOL6.1","action":"SyncServerConnectionManagerRequest", "result":"SYNC_SERVER_OK", "context":{"environment":"Prod_SoutheastAsia_000j", "migrationStage":"NotStarted", "server":"GENERAL0100001L"}}
{"logTime": "1129/130537", "correlationVector":"MAQtUEH3ecDvAVCMF1QOL6.2","action":"Commit Response", "result":"SYNCER_OK", "context":Result: SYNCER_OK. cV=MAQtUEH3ecDvAVCMF1QOL6.0;server=GENERAL0100001L;cloudType=Consumer;environment=Prod_SoutheastAsia_000j;migrationStage=NotStarted}
{"logTime": "1129/130613", "correlationVector":"JTK6p8sNa9+P/+OCN/IA/C","action":"Normal GetUpdate request", "result":"", "context":cV=JTK6p8sNa9+P/+OCN/IA/C
Refresh requested types: Bookmarks, Preferences, Passwords, Autofill Profiles, Autofill, Autofill Custom Data, Typed URLs, Extensions, Sessions, Extension settings, History Delete Directives, Device Info, User Consents, Send Tab To Self, Web Apps, Collection, Edge E Drop, Edge Hub App Usage, Edge Wallet, Encryption Keys}
{"logTime": "1129/130614", "correlationVector":"JTK6p8sNa9+P/+OCN/IA/C.1","action":"SyncServerConnectionManagerRequest", "result":"SYNC_SERVER_OK", "context":{"environment":"Prod_SoutheastAsia_000j", "migrationStage":"NotStarted", "server":"GENERAL0100000Z"}}
{"logTime": "1129/130614", "correlationVector":"JTK6p8sNa9+P/+OCN/IA/C.2","action":"GetUpdates Response", "result":"SYNCER_OK", "context":Received 1 update(s). cV=JTK6p8sNa9+P/+OCN/IA/C.0;server=GENERAL0100000Z;cloudType=Consumer;environment=Prod_SoutheastAsia_000j;migrationStage=NotStarted}
{"logTime": "1129/130654", "correlationVector":"ifj/04DsQbdkt7vdAfU0mH","action":"Commit Request", "result":"", "context":Item count: 1
Contributing types: Sessions}
{"logTime": "1129/130655", "correlationVector":"ifj/04DsQbdkt7vdAfU0mH.1","action":"SyncServerConnectionManagerRequest", "result":"SYNC_SERVER_OK", "context":{"environment":"Prod_SoutheastAsia_000j", "migrationStage":"NotStarted", "server":"GENERAL0100001L"}}
{"logTime": "1129/130655", "correlationVector":"ifj/04DsQbdkt7vdAfU0mH.2","action":"Commit Response", "result":"SYNCER_OK", "context":Result: SYNCER_OK. cV=ifj/04DsQbdkt7vdAfU0mH.0;server=GENERAL0100001L;cloudType=Consumer;environment=Prod_SoutheastAsia_000j;migrationStage=NotStarted}
{"logTime": "1129/130728", "correlationVector":"18EdMr9yOj/FoXkx8fA03d","action":"Commit Request", "result":"", "context":Item count: 1
Contributing types: Sessions}
{"logTime": "1129/130729", "correlationVector":"18EdMr9yOj/FoXkx8fA03d.1","action":"SyncServerConnectionManagerRequest", "result":"SYNC_SERVER_OK", "context":{"environment":"Prod_SoutheastAsia_000j", "migrationStage":"NotStarted", "server":"GENERAL0100001D"}}
{"logTime": "1129/130729", "correlationVector":"18EdMr9yOj/FoXkx8fA03d.2","action":"Commit Response", "result":"SYNCER_OK", "context":Result: SYNCER_OK. cV=18EdMr9yOj/FoXkx8fA03d.0;server=GENERAL0100001D;cloudType=Consumer;environment=Prod_SoutheastAsia_000j;migrationStage=NotStarted}
{"logTime": "1129/153611", "correlationVector":"SAnC3/AvQLiQpk6pRwyDQX.0","action":"FeedSettingFetch_homeCloud", "result":"0", "context":{}}
{"logTime": "1129/153611", "correlationVector":"CLcTuKCrLZRmG4S8jvO4DP.1","action":"SyncServerConnectionManagerRequest", "result":"SYNC_SERVER_OK", "context":{"environment":"Prod_SoutheastAsia_000j", "migrationStage":"NotStarted", "server":"GENERAL0100000K"}}
{"logTime": "1129/153611", "correlationVector":"CLcTuKCrLZRmG4S8jvO4DP","action":"Initial GetUpdates", "result":"", "context":Reason: NEW_CLIENT. cV=CLcTuKCrLZRmG4S8jvO4DP}
{"logTime": "1129/153611", "correlationVector":"CLcTuKCrLZRmG4S8jvO4DP.2","action":"GetUpdates Response", "result":"SYNCER_OK", "context":Received 1 update(s). cV=CLcTuKCrLZRmG4S8jvO4DP.0;server=GENERAL0100000K;cloudType=Consumer;environment=Prod_SoutheastAsia_000j;migrationStage=NotStarted}
{"logTime": "1129/153611", "correlationVector":"aEFFaw0k+jH2IKozQA/92p","action":"Initial GetUpdates", "result":"", "context":Reason: NEWLY_SUPPORTED_DATATYPE. cV=aEFFaw0k+jH2IKozQA/92p}
{"logTime": "1129/153611", "correlationVector":"aEFFaw0k+jH2IKozQA/92p.1","action":"SyncServerConnectionManagerRequest", "result":"SYNC_SERVER_OK", "context":{"environment":"Prod_SoutheastAsia_000j", "migrationStage":"NotStarted", "server":"GENERAL0100001G"}}
{"logTime": "1129/153611", "correlationVector":"aEFFaw0k+jH2IKozQA/92p.2","action":"GetUpdates Response", "result":"SYNCER_OK", "context":Received 1 update(s). cV=aEFFaw0k+jH2IKozQA/92p.0;server=GENERAL0100001G;cloudType=Consumer;environment=Prod_SoutheastAsia_000j;migrationStage=NotStarted}
{"logTime": "1129/153611", "correlationVector":"eq9qreiEjxH8UBMgvLOgyR","action":"Normal GetUpdate request", "result":"", "context":cV=eq9qreiEjxH8UBMgvLOgyR
Nudged types: Sessions, User Consents
Refresh requested types: Bookmarks, Preferences, Passwords, Autofill Profiles, Autofill, Autofill Custom Data, Typed URLs, Extensions, Sessions, Extension settings, History Delete Directives, Device Info, User Consents, Send Tab To Self, Web Apps, Collection, Edge E Drop, Edge Hub App Usage, Edge Wallet, Encryption Keys}
{"logTime": "1129/153611", "correlationVector":"eq9qreiEjxH8UBMgvLOgyR.1","action":"SyncServerConnectionManagerRequest", "result":"SYNC_SERVER_OK", "context":{"environment":"Prod_SoutheastAsia_000j", "migrationStage":"NotStarted", "server":"GENERAL0100001F"}}
{"logTime": "1129/153611", "correlationVector":"eq9qreiEjxH8UBMgvLOgyR.2","action":"GetUpdates", "result":"DeleteReceived", "context":{"id":"5a929e70-fe4f-4ec0-8e69-f395a4e1dfed", "isDeleted:":"true", "version":"1701263343009"}}
{"logTime": "1129/153611", "correlationVector":"eq9qreiEjxH8UBMgvLOgyR.3","action":"GetUpdates", "result":"DeleteReceived", "context":{"id":"45e5d481-2488-4471-88ee-47f834a8ceee", "isDeleted:":"true", "version":"1701263866513"}}
{"logTime": "1129/153611", "correlationVector":"eq9qreiEjxH8UBMgvLOgyR.4","action":"GetUpdates", "result":"DeleteReceived", "context":{"id":"fb1349bf-f89e-46aa-b5be-444b0df5471b", "isDeleted:":"true", "version":"1701263866514"}}
{"logTime": "1129/153611", "correlationVector":"eq9qreiEjxH8UBMgvLOgyR.5","action":"GetUpdates", "result":"DeleteReceived", "context":{"id":"d878bd74-70c5-4bf2-b46c-47ff4205714a", "isDeleted:":"true", "version":"1701263866515"}}
{"logTime": "1129/153611", "correlationVector":"eq9qreiEjxH8UBMgvLOgyR.6","action":"GetUpdates Response", "result":"SYNCER_OK", "context":Received 10 update(s). cV=eq9qreiEjxH8UBMgvLOgyR.0;server=GENERAL0100001F;cloudType=Consumer;environment=Prod_SoutheastAsia_000j;migrationStage=NotStarted}
{"logTime": "1129/153611", "correlationVector":"uBzHIGO9GcMWfT4nnrKof9","action":"Commit Request", "result":"", "context":Item count: 1
Contributing types: User Consents}
{"logTime": "1129/153611", "correlationVector":"uBzHIGO9GcMWfT4nnrKof9.1","action":"SyncServerConnectionManagerRequest", "result":"SYNC_SERVER_OK", "context":{"environment":"Prod_SoutheastAsia_000j", "migrationStage":"NotStarted", "server":"GENERAL0100000O"}}
{"logTime": "1129/153611", "correlationVector":"uBzHIGO9GcMWfT4nnrKof9.2","action":"Commit Response", "result":"SYNCER_OK", "context":Result: SYNCER_OK. cV=uBzHIGO9GcMWfT4nnrKof9.0;server=GENERAL0100000O;cloudType=Consumer;environment=Prod_SoutheastAsia_000j;migrationStage=NotStarted}
{"logTime": "1129/153622", "correlationVector":"CCzpw3qiL6vboEHszp0thA","action":"SyncServerConnectionManagerRequest", "result":"SYNC_SERVER_OK", "context":{"environment":"", "migrationStage":"", "server":""}}
{"logTime": "1129/153622", "correlationVector":"xh3fCCv+dJItoO1iT9RKZp","action":"Normal GetUpdate request", "result":"", "context":cV=xh3fCCv+dJItoO1iT9RKZp
Nudged types: Preferences, Sessions}
{"logTime": "1129/153623", "correlationVector":"xh3fCCv+dJItoO1iT9RKZp.1","action":"SyncServerConnectionManagerRequest", "result":"SYNC_SERVER_OK", "context":{"environment":"Prod_SoutheastAsia_000j", "migrationStage":"NotStarted", "server":"GENERAL01000016"}}
{"logTime": "1129/153623", "correlationVector":"xh3fCCv+dJItoO1iT9RKZp.2","action":"GetUpdates Response", "result":"SYNCER_OK", "context":Received 0 update(s). cV=xh3fCCv+dJItoO1iT9RKZp.0;server=GENERAL01000016;cloudType=Consumer;environment=Prod_SoutheastAsia_000j;migrationStage=NotStarted}
{"logTime": "1129/153623", "correlationVector":"/2dBA510HgsRrKcw7hH06o","action":"Commit Request", "result":"", "context":Item count: 3
Contributing types: Preferences, Sessions}
{"logTime": "1129/153624", "correlationVector":"/2dBA510HgsRrKcw7hH06o.1","action":"SyncServerConnectionManagerRequest", "result":"SYNC_SERVER_OK", "context":{"environment":"Prod_SoutheastAsia_000j", "migrationStage":"NotStarted", "server":"GENERAL0100000S"}}
{"logTime": "1129/153624", "correlationVector":"/2dBA510HgsRrKcw7hH06o.2","action":"Commit Response", "result":"SYNCER_OK", "context":Result: SYNCER_OK. cV=/2dBA510HgsRrKcw7hH06o.0;server=GENERAL0100000S;cloudType=Consumer;environment=Prod_SoutheastAsia_000j;migrationStage=NotStarted}
{"logTime": "1129/153624", "correlationVector":"saxxdUa613VG3l3dIA+nzj","action":"Normal GetUpdate request", "result":"", "context":cV=saxxdUa613VG3l3dIA+nzj
Nudged types: Preferences, Sessions
Refresh requested types: Bookmarks, Preferences, Passwords, Autofill Profiles, Autofill, Autofill Custom Data, Typed URLs, Extensions, Sessions, Extension settings, History Delete Directives, Device Info, User Consents, Send Tab To Self, Web Apps, Collection, Edge E Drop, Edge Hub App Usage, Edge Wallet, Encryption Keys}
{"logTime": "1129/153625", "correlationVector":"saxxdUa613VG3l3dIA+nzj.1","action":"SyncServerConnectionManagerRequest", "result":"SYNC_SERVER_OK", "context":{"environment":"Prod_SoutheastAsia_000j", "migrationStage":"NotStarted", "server":"GENERAL0100000E"}}
{"logTime": "1129/153625", "correlationVector":"saxxdUa613VG3l3dIA+nzj.2","action":"GetUpdates Response", "result":"SYNCER_OK", "context":Received 3 update(s). cV=saxxdUa613VG3l3dIA+nzj.0;server=GENERAL0100000E;cloudType=Consumer;environment=Prod_SoutheastAsia_000j;migrationStage=NotStarted}
{"logTime": "1129/153701", "correlationVector":"fgyNhNm3EceH4Glp4RHeRg","action":"Commit Request", "result":"", "context":Item count: 1
Contributing types: Sessions}
{"logTime": "1129/153702", "correlationVector":"fgyNhNm3EceH4Glp4RHeRg.1","action":"SyncServerConnectionManagerRequest", "result":"SYNC_SERVER_OK", "context":{"environment":"Prod_SoutheastAsia_000j", "migrationStage":"NotStarted", "server":"GENERAL01000009"}}
{"logTime": "1129/153702", "correlationVector":"fgyNhNm3EceH4Glp4RHeRg.2","action":"Commit Response", "result":"SYNCER_OK", "context":Result: SYNCER_OK. cV=fgyNhNm3EceH4Glp4RHeRg.0;server=GENERAL01000009;cloudType=Consumer;environment=Prod_SoutheastAsia_000j;migrationStage=NotStarted}
{"logTime": "1129/154039", "correlationVector":"BRXKl1eSYf6u98X54SZFRv","action":"Commit Request", "result":"", "context":Item count: 1
Contributing types: Sessions}
{"logTime": "1129/154106", "correlationVector":"BRXKl1eSYf6u98X54SZFRv.1","action":"SyncServerConnectionManagerRequest", "result":"SYNC_SERVER_OK", "context":{"environment":"Prod_SoutheastAsia_000j", "migrationStage":"NotStarted", "server":"GENERAL0100001L"}}
{"logTime": "1129/154106", "correlationVector":"BRXKl1eSYf6u98X54SZFRv.2","action":"Commit Response", "result":"SYNCER_OK", "context":Result: SYNCER_OK. cV=BRXKl1eSYf6u98X54SZFRv.0;server=GENERAL0100001L;cloudType=Consumer;environment=Prod_SoutheastAsia_000j;migrationStage=NotStarted}
{"logTime": "1129/154106", "correlationVector":"aTDmO11lDtTAZXTgzREnUY","action":"Normal GetUpdate request", "result":"", "context":cV=aTDmO11lDtTAZXTgzREnUY
Nudged types: Sessions
Refresh requested types: Bookmarks, Preferences, Passwords, Autofill Profiles, Autofill, Autofill Custom Data, Typed URLs, Extensions, Sessions, Extension settings, History Delete Directives, Device Info, User Consents, Send Tab To Self, Web Apps, Collection, Edge E Drop, Edge Hub App Usage, Edge Wallet, Encryption Keys}
{"logTime": "1129/154107", "correlationVector":"aTDmO11lDtTAZXTgzREnUY.1","action":"SyncServerConnectionManagerRequest", "result":"SYNC_SERVER_OK", "context":{"environment":"Prod_SoutheastAsia_000j", "migrationStage":"NotStarted", "server":"GENERAL0100001L"}}
{"logTime": "1129/154107", "correlationVector":"aTDmO11lDtTAZXTgzREnUY.2","action":"GetUpdates Response", "result":"SYNCER_OK", "context":Received 1 update(s). cV=aTDmO11lDtTAZXTgzREnUY.0;server=GENERAL0100001L;cloudType=Consumer;environment=Prod_SoutheastAsia_000j;migrationStage=NotStarted}
{"logTime": "1129/154107", "correlationVector":"E/IMMF9SsvB9bhOLq5dLCC","action":"Commit Request", "result":"", "context":Item count: 1
Contributing types: Sessions}
{"logTime": "1129/154107", "correlationVector":"E/IMMF9SsvB9bhOLq5dLCC.1","action":"SyncServerConnectionManagerRequest", "result":"SYNC_SERVER_OK", "context":{"environment":"Prod_SoutheastAsia_000j", "migrationStage":"NotStarted", "server":"GENERAL01000006"}}
{"logTime": "1129/154107", "correlationVector":"E/IMMF9SsvB9bhOLq5dLCC.2","action":"Commit Response", "result":"SYNCER_OK", "context":Result: SYNCER_OK. cV=E/IMMF9SsvB9bhOLq5dLCC.0;server=GENERAL01000006;cloudType=Consumer;environment=Prod_SoutheastAsia_000j;migrationStage=NotStarted}
{"logTime": "1129/154343", "correlationVector":"4j5lQqWq51DCGYAdfU6+kV","action":"Commit Request", "result":"", "context":Item count: 1
Contributing types: Sessions}
{"logTime": "1129/154344", "correlationVector":"4j5lQqWq51DCGYAdfU6+kV.1","action":"SyncServerConnectionManagerRequest", "result":"SYNC_SERVER_OK", "context":{"environment":"Prod_SoutheastAsia_000j", "migrationStage":"NotStarted", "server":"GENERAL0100000T"}}
{"logTime": "1129/154344", "correlationVector":"4j5lQqWq51DCGYAdfU6+kV.2","action":"Commit Response", "result":"SYNCER_OK", "context":Result: SYNCER_OK. cV=4j5lQqWq51DCGYAdfU6+kV.0;server=GENERAL0100000T;cloudType=Consumer;environment=Prod_SoutheastAsia_000j;migrationStage=NotStarted}
{"logTime": "1129/154919", "correlationVector":"neAsXRd4Ihq15CCLvG2/af.0","action":"FeedSettingFetch_homeCloud", "result":"0", "context":{}}
{"logTime": "1129/154919", "correlationVector":"zrNSZTQIKXgMIz8b66MBGB.1","action":"SyncServerConnectionManagerRequest", "result":"SYNC_SERVER_OK", "context":{"environment":"Prod_SoutheastAsia_000j", "migrationStage":"NotStarted", "server":"GENERAL0100000I"}}
{"logTime": "1129/154919", "correlationVector":"zrNSZTQIKXgMIz8b66MBGB","action":"Initial GetUpdates", "result":"", "context":Reason: NEW_CLIENT. cV=zrNSZTQIKXgMIz8b66MBGB}
{"logTime": "1129/154919", "correlationVector":"zrNSZTQIKXgMIz8b66MBGB.2","action":"GetUpdates Response", "result":"SYNCER_OK", "context":Received 1 update(s). cV=zrNSZTQIKXgMIz8b66MBGB.0;server=GENERAL0100000I;cloudType=Consumer;environment=Prod_SoutheastAsia_000j;migrationStage=NotStarted}
{"logTime": "1129/154919", "correlationVector":"6oxwFNoC+19eo/BdRLLGpx","action":"Initial GetUpdates", "result":"", "context":Reason: NEWLY_SUPPORTED_DATATYPE. cV=6oxwFNoC+19eo/BdRLLGpx}
{"logTime": "1129/154919", "correlationVector":"6oxwFNoC+19eo/BdRLLGpx.1","action":"SyncServerConnectionManagerRequest", "result":"SYNC_SERVER_OK", "context":{"environment":"Prod_SoutheastAsia_000j", "migrationStage":"NotStarted", "server":"GENERAL0100000X"}}
{"logTime": "1129/154919", "correlationVector":"6oxwFNoC+19eo/BdRLLGpx.2","action":"GetUpdates Response", "result":"SYNCER_OK", "context":Received 1 update(s). cV=6oxwFNoC+19eo/BdRLLGpx.0;server=GENERAL0100000X;cloudType=Consumer;environment=Prod_SoutheastAsia_000j;migrationStage=NotStarted}
{"logTime": "1129/154919", "correlationVector":"mPCKWudCxQoRoc463tw83Q","action":"Normal GetUpdate request", "result":"", "context":cV=mPCKWudCxQoRoc463tw83Q
Nudged types: Sessions, User Consents
Refresh requested types: Bookmarks, Preferences, Passwords, Autofill Profiles, Autofill, Autofill Custom Data, Typed URLs, Extensions, Sessions, Extension settings, History Delete Directives, Device Info, User Consents, Send Tab To Self, Web Apps, Collection, Edge E Drop, Edge Hub App Usage, Edge Wallet, Encryption Keys}
{"logTime": "1129/154919", "correlationVector":"mPCKWudCxQoRoc463tw83Q.1","action":"SyncServerConnectionManagerRequest", "result":"SYNC_SERVER_OK", "context":{"environment":"Prod_SoutheastAsia_000j", "migrationStage":"NotStarted", "server":"GENERAL01000014"}}
{"logTime": "1129/154919", "correlationVector":"mPCKWudCxQoRoc463tw83Q.2","action":"GetUpdates Response", "result":"SYNCER_OK", "context":Received 1 update(s). cV=mPCKWudCxQoRoc463tw83Q.0;server=GENERAL01000014;cloudType=Consumer;environment=Prod_SoutheastAsia_000j;migrationStage=NotStarted}
{"logTime": "1129/154919", "correlationVector":"Q4oYwKdntKWmowLvOehIin","action":"Commit Request", "result":"", "context":Item count: 4
Contributing types: Sessions, User Consents}
{"logTime": "1129/154919", "correlationVector":"Q4oYwKdntKWmowLvOehIin.1","action":"SyncServerConnectionManagerRequest", "result":"SYNC_SERVER_OK", "context":{"environment":"Prod_SoutheastAsia_000j", "migrationStage":"NotStarted", "server":"GENERAL0100001B"}}
{"logTime": "1129/154919", "correlationVector":"Q4oYwKdntKWmowLvOehIin.3","action":"Commit.Sessions", "result":"Success", "context":{"id":"bc05d81b-7e7a-42b1-a5b6-9ece04e2cec9", "isDeleted":"true", "size":"0", "version":"1701272624024"}}
{"logTime": "1129/154919", "correlationVector":"Q4oYwKdntKWmowLvOehIin.2","action":"Commit Response", "result":"SYNCER_OK", "context":Result: SYNCER_OK. cV=Q4oYwKdntKWmowLvOehIin.0;server=GENERAL0100001B;cloudType=Consumer;environment=Prod_SoutheastAsia_000j;migrationStage=NotStarted}
{"logTime": "1129/154935", "correlationVector":"4Rm9HTlb7PlL/ykq/UUnP3","action":"SyncServerConnectionManagerRequest", "result":"SYNC_SERVER_OK", "context":{"environment":"", "migrationStage":"", "server":""}}
{"logTime": "1129/154935", "correlationVector":"MN86lQsXzlVaE0Aeyom6fT","action":"Normal GetUpdate request", "result":"", "context":cV=MN86lQsXzlVaE0Aeyom6fT
Nudged types: Preferences, Sessions}
{"logTime": "1129/154936", "correlationVector":"MN86lQsXzlVaE0Aeyom6fT.1","action":"SyncServerConnectionManagerRequest", "result":"SYNC_SERVER_OK", "context":{"environment":"Prod_SoutheastAsia_000j", "migrationStage":"NotStarted", "server":"GENERAL0100001E"}}
{"logTime": "1129/154936", "correlationVector":"MN86lQsXzlVaE0Aeyom6fT.2","action":"GetUpdates", "result":"DeleteReceived", "context":{"id":"bc05d81b-7e7a-42b1-a5b6-9ece04e2cec9", "isDeleted:":"true", "version":"1701272944130"}}
{"logTime": "1129/154936", "correlationVector":"MN86lQsXzlVaE0Aeyom6fT.3","action":"GetUpdates Response", "result":"SYNCER_OK", "context":Received 3 update(s). cV=MN86lQsXzlVaE0Aeyom6fT.0;server=GENERAL0100001E;cloudType=Consumer;environment=Prod_SoutheastAsia_000j;migrationStage=NotStarted}
{"logTime": "1129/154936", "correlationVector":"uXOJ7+VKpdChz5OIy2do48","action":"Commit Request", "result":"", "context":Item count: 2
Contributing types: Preferences, Sessions}
{"logTime": "1129/154936", "correlationVector":"uXOJ7+VKpdChz5OIy2do48.1","action":"SyncServerConnectionManagerRequest", "result":"SYNC_SERVER_OK", "context":{"environment":"Prod_SoutheastAsia_000j", "migrationStage":"NotStarted", "server":"GENERAL0100001C"}}
{"logTime": "1129/154937", "correlationVector":"uXOJ7+VKpdChz5OIy2do48.2","action":"Commit Response", "result":"SYNCER_OK", "context":Result: SYNCER_OK. cV=uXOJ7+VKpdChz5OIy2do48.0;server=GENERAL0100001C;cloudType=Consumer;environment=Prod_SoutheastAsia_000j;migrationStage=NotStarted}
{"logTime": "1129/154937", "correlationVector":"3ezdvN/BKIVZYZVsZzSeiO","action":"Normal GetUpdate request", "result":"", "context":cV=3ezdvN/BKIVZYZVsZzSeiO
Nudged types: Preferences, Sessions
Refresh requested types: Bookmarks, Preferences, Passwords, Autofill Profiles, Autofill, Autofill Custom Data, Typed URLs, Extensions, Sessions, Extension settings, History Delete Directives, Device Info, User Consents, Send Tab To Self, Web Apps, Collection, Edge E Drop, Edge Hub App Usage, Edge Wallet, Encryption Keys}
{"logTime": "1129/154937", "correlationVector":"3ezdvN/BKIVZYZVsZzSeiO.1","action":"SyncServerConnectionManagerRequest", "result":"SYNC_SERVER_OK", "context":{"environment":"Prod_SoutheastAsia_000j", "migrationStage":"NotStarted", "server":"GENERAL01000017"}}
{"logTime": "1129/154937", "correlationVector":"3ezdvN/BKIVZYZVsZzSeiO.2","action":"GetUpdates Response", "result":"SYNCER_OK", "context":Received 2 update(s). cV=3ezdvN/BKIVZYZVsZzSeiO.0;server=GENERAL01000017;cloudType=Consumer;environment=Prod_SoutheastAsia_000j;migrationStage=NotStarted}
{"logTime": "1129/155145", "correlationVector":"rs/H4lwARdoB4KHTh5oa0X","action":"Commit Request", "result":"", "context":Item count: 1
Contributing types: Sessions}
{"logTime": "1129/155146", "correlationVector":"rs/H4lwARdoB4KHTh5oa0X.1","action":"SyncServerConnectionManagerRequest", "result":"SYNC_SERVER_OK", "context":{"environment":"Prod_SoutheastAsia_000j", "migrationStage":"NotStarted", "server":"GENERAL0100001C"}}
{"logTime": "1129/155146", "correlationVector":"rs/H4lwARdoB4KHTh5oa0X.2","action":"Commit Response", "result":"SYNCER_OK", "context":Result: SYNCER_OK. cV=rs/H4lwARdoB4KHTh5oa0X.0;server=GENERAL0100001C;cloudType=Consumer;environment=Prod_SoutheastAsia_000j;migrationStage=NotStarted}
